2021-01-03 12:55:31.970  INFO 21440 --- [main] com.example.demo.SareetaApplication      : Starting SareetaApplication on BigM with PID 21440 (started by masoud in C:\Users\masou\Downloads\eCommerce\P04-eCommerce Application\starter_code)
2021-01-03 12:55:31.974  INFO 21440 --- [main] com.example.demo.SareetaApplication      : No active profile set, falling back to default profiles: default
2021-01-03 12:55:33.017  INFO 21440 --- [main] .s.d.r.c.RepositoryConfigurationDelegate : Bootstrapping Spring Data repositories in DEFAULT mode.
2021-01-03 12:55:33.141  INFO 21440 --- [main] .s.d.r.c.RepositoryConfigurationDelegate : Finished Spring Data repository scanning in 107ms. Found 4 repository interfaces.
2021-01-03 12:55:33.838  INFO 21440 --- [main] trationDelegate$BeanPostProcessorChecker : Bean 'org.springframework.transaction.annotation.ProxyTransactionManagementConfiguration' of type [org.springframework.transaction.annotation.ProxyTransactionManagementConfiguration$$EnhancerBySpringCGLIB$$4d84f20b] is not eligible for getting processed by all BeanPostProcessors (for example: not eligible for auto-proxying)
2021-01-03 12:55:34.666  INFO 21440 --- [main] o.s.b.w.embedded.tomcat.TomcatWebServer  : Tomcat initialized with port(s): 8080 (http)
2021-01-03 12:55:34.697  INFO 21440 --- [main] o.apache.catalina.core.StandardService   : Starting service [Tomcat]
2021-01-03 12:55:34.697  INFO 21440 --- [main] org.apache.catalina.core.StandardEngine  : Starting Servlet engine: [Apache Tomcat/9.0.19]
2021-01-03 12:55:34.856  INFO 21440 --- [main] o.a.c.c.C.[Tomcat].[localhost].[/]       : Initializing Spring embedded WebApplicationContext
2021-01-03 12:55:34.856  INFO 21440 --- [main] o.s.web.context.ContextLoader            : Root WebApplicationContext: initialization completed in 2796 ms
2021-01-03 12:55:35.071  INFO 21440 --- [main] com.zaxxer.hikari.HikariDataSource       : HikariPool-1 - Starting...
2021-01-03 12:55:35.281  INFO 21440 --- [main] com.zaxxer.hikari.HikariDataSource       : HikariPool-1 - Start completed.
2021-01-03 12:55:35.368  INFO 21440 --- [main] o.hibernate.jpa.internal.util.LogHelper  : HHH000204: Processing PersistenceUnitInfo [
	name: default
	...]
2021-01-03 12:55:35.469  INFO 21440 --- [main] org.hibernate.Version                    : HHH000412: Hibernate Core {5.3.10.Final}
2021-01-03 12:55:35.474  INFO 21440 --- [main] org.hibernate.cfg.Environment            : HHH000206: hibernate.properties not found
2021-01-03 12:55:35.650  INFO 21440 --- [main] o.hibernate.annotations.common.Version   : HCANN000001: Hibernate Commons Annotations {5.0.4.Final}
2021-01-03 12:55:35.825  INFO 21440 --- [main] org.hibernate.dialect.Dialect            : HHH000400: Using dialect: org.hibernate.dialect.H2Dialect
2021-01-03 12:55:36.751  INFO 21440 --- [main] j.LocalContainerEntityManagerFactoryBean : Initialized JPA EntityManagerFactory for persistence unit 'default'
2021-01-03 12:55:37.525  WARN 21440 --- [main] aWebConfiguration$JpaWebMvcConfiguration : spring.jpa.open-in-view is enabled by default. Therefore, database queries may be performed during view rendering. Explicitly configure spring.jpa.open-in-view to disable this warning
2021-01-03 12:55:37.622  INFO 21440 --- [main] o.s.s.web.DefaultSecurityFilterChain     : Creating filter chain: any request, [org.springframework.security.web.context.request.async.WebAsyncManagerIntegrationFilter@61607ff0, org.springframework.security.web.context.SecurityContextPersistenceFilter@63243c8f, org.springframework.security.web.header.HeaderWriterFilter@7e43b342, org.springframework.web.filter.CorsFilter@58945295, org.springframework.security.web.authentication.logout.LogoutFilter@71de1091, com.example.demo.security.JWTAuthenticationFilter@b63365c, com.example.demo.security.JWTAuthenticationVerficationFilter@6839d03b, org.springframework.security.web.savedrequest.RequestCacheAwareFilter@444c0f9a, org.springframework.security.web.servletapi.SecurityContextHolderAwareRequestFilter@c478e4e, org.springframework.security.web.authentication.AnonymousAuthenticationFilter@a44ad33, org.springframework.security.web.session.SessionManagementFilter@dbcf7c3, org.springframework.security.web.access.ExceptionTranslationFilter@70eb94d7, org.springframework.security.web.access.intercept.FilterSecurityInterceptor@1d3e5a05]
2021-01-03 12:55:37.760  INFO 21440 --- [main] o.s.s.concurrent.ThreadPoolTaskExecutor  : Initializing ExecutorService 'applicationTaskExecutor'
2021-01-03 12:55:37.990  INFO 21440 --- [main] o.s.b.w.embedded.tomcat.TomcatWebServer  : Tomcat started on port(s): 8080 (http) with context path ''
2021-01-03 12:55:37.993  INFO 21440 --- [main] com.example.demo.SareetaApplication      : Started SareetaApplication in 6.537 seconds (JVM running for 7.143)
2021-01-03 12:55:43.847  INFO 21440 --- [http-nio-8080-exec-2] o.a.c.c.C.[Tomcat].[localhost].[/]       : Initializing Spring DispatcherServlet 'dispatcherServlet'
2021-01-03 12:55:43.849  INFO 21440 --- [http-nio-8080-exec-2] o.s.web.servlet.DispatcherServlet        : Initializing Servlet 'dispatcherServlet'
2021-01-03 12:55:43.860  INFO 21440 --- [http-nio-8080-exec-2] o.s.web.servlet.DispatcherServlet        : Completed initialization in 11 ms
2021-01-03 12:55:43.984  INFO 21440 --- [http-nio-8080-exec-2] c.e.demo.controllers.UserController      : Success : Username set : Masoud
2021-01-03 12:55:44.163  INFO 21440 --- [http-nio-8080-exec-2] c.e.demo.controllers.UserController      : Success : CreateUser : User Created : Masoud
2021-01-03 12:56:02.756  INFO 21440 --- [http-nio-8080-exec-3] c.e.demo.controllers.UserController      : Success : Username set : Sina
2021-01-03 12:56:02.852  INFO 21440 --- [http-nio-8080-exec-3] c.e.demo.controllers.UserController      : Success : CreateUser : User Created : Sina
2021-01-03 12:56:08.697  INFO 21440 --- [http-nio-8080-exec-4] o.h.h.i.QueryTranslatorFactoryInitiator  : HHH000397: Using ASTQueryTranslatorFactory
2021-01-03 12:56:23.375  INFO 21440 --- [http-nio-8080-exec-5] c.e.demo.controllers.CartController      : Cart Created successfully
2021-01-03 13:22:24.147  INFO 21440 --- [http-nio-8080-exec-8] c.e.demo.controllers.UserController      : Success : Username set : Masoud_2
2021-01-03 13:22:24.242  INFO 21440 --- [http-nio-8080-exec-8] c.e.demo.controllers.UserController      : Success : CreateUser : User Created : Masoud_2
2021-01-03 13:33:42.534  INFO 21440 --- [http-nio-8080-exec-1] c.e.demo.controllers.UserController      : Success : Username set : Masoud_3
2021-01-03 13:33:42.631  INFO 21440 --- [http-nio-8080-exec-1] c.e.demo.controllers.UserController      : Success : CreateUser : User Created : Masoud_3
